<?xml version="1.0" encoding="UTF-8"?>
<testsuite xmlns:xsi="http://www.w3.org/2001/XMLSchema-instance" xsi:noNamespaceSchemaLocation="https://maven.apache.org/surefire/maven-surefire-plugin/xsd/surefire-test-report.xsd" version="3.0.2" name="com.revature.toDoList.controller.UserControllerTest" time="3.753" tests="3" errors="0" skipped="0" failures="0">
  <properties>
[...]
</properties>
  <testcase name="testGetUserById" classname="com.revature.toDoList.controller.UserControllerTest" time="0.794">
    <system-out><![CDATA[20:37:11.349 [main] INFO org.springframework.test.context.support.AnnotationConfigContextLoaderUtils -- Could not detect default configuration classes for test class [com.revature.toDoList.controller.UserControllerTest]: UserControllerTest does not declare any static, non-private, non-final, nested classes annotated with @Configuration.
20:37:11.410 [main] INFO org.springframework.boot.test.context.SpringBootTestContextBootstrapper -- Found @SpringBootConfiguration com.revature.toDoList.ToDoListApplication for test class com.revature.toDoList.controller.UserControllerTest
20:37:11.479 [main] INFO org.springframework.boot.devtools.restart.RestartApplicationListener -- Restart disabled due to context in which it is running

  .   ____          _            __ _ _
 /\\ / ___'_ __ _ _(_)_ __  __ _ \ \ \ \
( ( )\___ | '_ | '_| | '_ \/ _` | \ \ \ \
 \\/  ___)| |_)| | | | | || (_| |  ) ) ) )
  '  |____| .__|_| |_|_| |_\__, | / / / /
 =========|_|==============|___/=/_/_/_/

 :: Spring Boot ::                (v4.0.2)

2026-02-18T20:37:11.602-06:00  INFO 26958 --- [toDoList] [           main] c.r.t.controller.UserControllerTest      : Starting UserControllerTest using Java 21.0.10 with PID 26958 (started by rickstermuyco in /Users/rickstermuyco/revatureV2/Revature-todoListProject)
2026-02-18T20:37:11.602-06:00  INFO 26958 --- [toDoList] [           main] c.r.t.controller.UserControllerTest      : The following 1 profile is active: "test"
2026-02-18T20:37:11.984-06:00  INFO 26958 --- [toDoList] [           main] .s.d.r.c.RepositoryConfigurationDelegate : Bootstrapping Spring Data JPA repositories in DEFAULT mode.
2026-02-18T20:37:12.007-06:00  INFO 26958 --- [toDoList] [           main] .s.d.r.c.RepositoryConfigurationDelegate : Finished Spring Data repository scanning in 18 ms. Found 3 JPA repository interfaces.
2026-02-18T20:37:12.267-06:00  INFO 26958 --- [toDoList] [           main] org.hibernate.orm.jpa                    : HHH008540: Processing PersistenceUnitInfo [name: default]
2026-02-18T20:37:12.301-06:00  INFO 26958 --- [toDoList] [           main] org.hibernate.orm.core                   : HHH000001: Hibernate ORM core version 7.2.1.Final
2026-02-18T20:37:12.499-06:00  INFO 26958 --- [toDoList] [           main] o.s.o.j.p.SpringPersistenceUnitInfo      : No LoadTimeWeaver setup: ignoring JPA class transformer
2026-02-18T20:37:12.517-06:00  INFO 26958 --- [toDoList] [           main] com.zaxxer.hikari.HikariDataSource       : HikariPool-1 - Starting...
2026-02-18T20:37:12.599-06:00  INFO 26958 --- [toDoList] [           main] com.zaxxer.hikari.pool.HikariPool        : HikariPool-1 - Added connection conn0: url=jdbc:h2:mem:testdb user=SA
2026-02-18T20:37:12.599-06:00  INFO 26958 --- [toDoList] [           main] com.zaxxer.hikari.HikariDataSource       : HikariPool-1 - Start completed.
2026-02-18T20:37:12.612-06:00  WARN 26958 --- [toDoList] [           main] org.hibernate.orm.deprecation            : HHH90000025: H2Dialect does not need to be specified explicitly using 'hibernate.dialect' (remove the property setting and it will be selected by default)
2026-02-18T20:37:12.621-06:00  INFO 26958 --- [toDoList] [           main] org.hibernate.orm.connections.pooling    : HHH10001005: Database info:
	Database JDBC URL [jdbc:h2:mem:testdb]
	Database driver: H2 JDBC Driver
	Database dialect: H2Dialect
	Database version: 2.4.240
	Default catalog/schema: TESTDB/PUBLIC
	Autocommit mode: undefined/unknown
	Isolation level: READ_COMMITTED [default READ_COMMITTED]
	JDBC fetch size: 100
	Pool: DataSourceConnectionProvider
	Minimum pool size: undefined/unknown
	Maximum pool size: undefined/unknown
2026-02-18T20:37:13.091-06:00  INFO 26958 --- [toDoList] [           main] org.hibernate.orm.core                   : HHH000489: No JTA platform available (set 'hibernate.transaction.jta.platform' to enable JTA platform integration)
Hibernate: 
    drop table if exists sub_tasks cascade 
Hibernate: 
    drop table if exists todo_items cascade 
Hibernate: 
    drop table if exists users cascade 
Hibernate: 
    create table sub_tasks (
        completed boolean not null,
        created_at timestamp(6),
        sub_task_id bigint generated by default as identity,
        todo_id bigint,
        updated_at timestamp(6),
        description varchar(255) not null,
        primary key (sub_task_id)
    )
Hibernate: 
    create table todo_items (
        closed boolean,
        completed boolean not null,
        due_date date not null,
        created_at timestamp(6) not null,
        todo_id bigint generated by default as identity,
        updated_at timestamp(6),
        description varchar(255) not null,
        title varchar(255) not null,
        user_id varchar(255),
        primary key (todo_id)
    )
Hibernate: 
    create table users (
        email varchar(255) not null,
        password varchar(255) not null,
        role varchar(255),
        user_id varchar(255) not null,
        username varchar(255) not null,
        primary key (user_id)
    )
Hibernate: 
    alter table if exists sub_tasks 
       add constraint FKte10y6ke82xf86e7x35euuxpp 
       foreign key (todo_id) 
       references todo_items
Hibernate: 
    alter table if exists todo_items 
       add constraint FKav4ha4dkkk09oss5h6qdtnggv 
       foreign key (user_id) 
       references users
2026-02-18T20:37:13.120-06:00  INFO 26958 --- [toDoList] [           main] j.LocalContainerEntityManagerFactoryBean : Initialized JPA EntityManagerFactory for persistence unit 'default'
2026-02-18T20:37:13.176-06:00  INFO 26958 --- [toDoList] [           main] o.s.d.j.r.query.QueryEnhancerFactories   : Hibernate is in classpath; If applicable, HQL parser will be used.
2026-02-18T20:37:13.272-06:00  INFO 26958 --- [toDoList] [           main] r$InitializeUserDetailsManagerConfigurer : Global AuthenticationManager configured with UserDetailsService bean with name todoListUserDetailService
2026-02-18T20:37:13.370-06:00  WARN 26958 --- [toDoList] [           main] JpaBaseConfiguration$JpaWebConfiguration : spring.jpa.open-in-view is enabled by default. Therefore, database queries may be performed during view rendering. Explicitly configure spring.jpa.open-in-view to disable this warning
2026-02-18T20:37:13.768-06:00  INFO 26958 --- [toDoList] [           main] o.s.b.t.m.w.SpringBootMockServletContext : Initializing Spring TestDispatcherServlet ''
2026-02-18T20:37:13.768-06:00  INFO 26958 --- [toDoList] [           main] o.s.t.web.servlet.TestDispatcherServlet  : Initializing Servlet ''
2026-02-18T20:37:13.771-06:00  INFO 26958 --- [toDoList] [           main] o.s.b.a.e.web.EndpointLinksResolver      : Exposing 2 endpoints beneath base path '/actuator'
2026-02-18T20:37:13.778-06:00  INFO 26958 --- [toDoList] [           main] o.s.t.web.servlet.TestDispatcherServlet  : Completed initialization in 10 ms
2026-02-18T20:37:13.809-06:00  INFO 26958 --- [toDoList] [           main] c.r.t.controller.UserControllerTest      : Started UserControllerTest in 2.334 seconds (process running for 2.858)
Hibernate: 
    insert 
    into
        users
        (email, password, role, username, user_id) 
    values
        (?, ?, ?, ?, ?)
Hibernate: 
    insert 
    into
        users
        (email, password, role, username, user_id) 
    values
        (?, ?, ?, ?, ?)
Hibernate: 
    select
        u1_0.user_id,
        u1_0.email,
        u1_0.password,
        u1_0.role,
        u1_0.username 
    from
        users u1_0 
    where
        u1_0.username=?
]]></system-out>
    <system-err><![CDATA[SLF4J(W): Class path contains multiple SLF4J providers.
SLF4J(W): Found provider [ch.qos.logback.classic.spi.LogbackServiceProvider@5066d65f]
SLF4J(W): Found provider [org.apache.logging.slf4j.SLF4JServiceProvider@4233e892]
SLF4J(W): See https://www.slf4j.org/codes.html#multiple_bindings for an explanation.
SLF4J(I): Actual provider is of type [ch.qos.logback.classic.spi.LogbackServiceProvider@5066d65f]
Mockito is currently self-attaching to enable the inline-mock-maker. This will no longer work in future releases of the JDK. Please add Mockito as an agent to your build as described in Mockito's documentation: https://javadoc.io/doc/org.mockito/mockito-core/latest/org.mockito/org/mockito/Mockito.html#0.3
WARNING: A Java agent has been loaded dynamically (/Users/rickstermuyco/.m2/repository/net/bytebuddy/byte-buddy-agent/1.17.8/byte-buddy-agent-1.17.8.jar)
WARNING: If a serviceability tool is in use, please run with -XX:+EnableDynamicAgentLoading to hide this warning
WARNING: If a serviceability tool is not in use, please run with -Djdk.instrument.traceUsage for more information
WARNING: Dynamic loading of agents will be disallowed by default in a future release
]]></system-err>
  </testcase>
  <testcase name="testGetAllUsers_ok_by_admin" classname="com.revature.toDoList.controller.UserControllerTest" time="0.215">
    <system-out><![CDATA[Hibernate: 
    insert 
    into
        users
        (email, password, role, username, user_id) 
    values
        (?, ?, ?, ?, ?)
Hibernate: 
    insert 
    into
        users
        (email, password, role, username, user_id) 
    values
        (?, ?, ?, ?, ?)
Hibernate: 
    select
        u1_0.user_id,
        u1_0.email,
        u1_0.password,
        u1_0.role,
        u1_0.username 
    from
        users u1_0 
    where
        u1_0.username=?
Hibernate: 
    select
        u1_0.user_id,
        u1_0.email,
        u1_0.password,
        u1_0.role,
        u1_0.username 
    from
        users u1_0 
    order by
        u1_0.username 
    offset
        ? rows 
    fetch
        first ? rows only
2026-02-18T20:37:14.861-06:00  WARN 26958 --- [toDoList] [           main] ration$PageModule$WarningLoggingModifier : Serializing PageImpl instances as-is is not supported, meaning that there is no guarantee about the stability of the resulting JSON structure!
	For a stable JSON structure, please use Spring Data's PagedModel (globally via @EnableSpringDataWebSupport(pageSerializationMode = VIA_DTO))
	or Spring HATEOAS and Spring Data's PagedResourcesAssembler as documented in https://docs.spring.io/spring-data/commons/reference/repositories/core-extensions.html#core.web.pageables.

]]></system-out>
  </testcase>
  <testcase name="testGetAllUsers_403_by_user" classname="com.revature.toDoList.controller.UserControllerTest" time="0.157">
    <system-out><![CDATA[Hibernate: 
    insert 
    into
        users
        (email, password, role, username, user_id) 
    values
        (?, ?, ?, ?, ?)
Hibernate: 
    insert 
    into
        users
        (email, password, role, username, user_id) 
    values
        (?, ?, ?, ?, ?)
Hibernate: 
    select
        u1_0.user_id,
        u1_0.email,
        u1_0.password,
        u1_0.role,
        u1_0.username 
    from
        users u1_0 
    where
        u1_0.username=?
]]></system-out>
  </testcase>
</testsuite>